<?xml version="1.0" encoding="UTF-8"?>
<!-- Generated by org.testng.reporters.JUnitReportReporter -->
<testsuite hostname="DESKTOP-CTNIRRU" failures="0" tests="2" name="testNGLearn.BaseClass" time="1.574" errors="0" timestamp="2025-04-11T09:05:52 IST" skipped="0">
  <testcase classname="testNGLearn.BaseClass" name="validateTitle" time="0.644"/>
  <testcase classname="testNGLearn.BaseClass" name="validateURL" time="0.930"/>
</testsuite> <!-- testNGLearn.BaseClass -->
