<?xml version="1.0" encoding="UTF-8"?>
<!-- Generated by org.testng.reporters.JUnitReportReporter -->
<testsuite hostname="DESKTOP-CTNIRRU" failures="0" tests="1" name="orangeHRM.LeaveTests" time="4.823" errors="0" timestamp="2025-04-14T08:51:02 IST" skipped="0">
  <testcase classname="orangeHRM.LeaveTests" name="linksCheck" time="4.823"/>
</testsuite> <!-- orangeHRM.LeaveTests -->
