<?xml version="1.0" encoding="UTF-8"?>
<!-- Generated by org.testng.reporters.JUnitReportReporter -->
<testsuite hostname="DESKTOP-CTNIRRU" failures="0" tests="4" name="testNGLearn.TestNGBasic" time="0.026" errors="0" timestamp="2025-04-11T08:59:20 IST" skipped="0">
  <testcase classname="testNGLearn.TestNGBasic" name="testBaisc" time="0.014"/>
  <testcase classname="testNGLearn.TestNGBasic" name="testBaisc1" time="0.006"/>
  <testcase classname="testNGLearn.TestNGBasic" name="testBaisc11" time="0.002"/>
  <testcase classname="testNGLearn.TestNGBasic" name="testBaisc2" time="0.004"/>
</testsuite> <!-- testNGLearn.TestNGBasic -->
